No config path provided, using default 'drizzle.config.ts'
Reading config file 'D:\platform\drizzle.config.ts'
[dotenv@17.3.1] injecting env (4) from .env.local -- tip: 🤖 agentic secret storage: https://dotenvx.com/as2
Using 'postgres' driver for database querying
[⣷] Pulling schema from database...
[2K[1G[⣯] Pulling schema from database...
[2K[1G[⣟] Pulling schema from database...
[2K[1G[⡿] Pulling schema from database...
[2K[1G[⢿] Pulling schema from database...
[2K[1G[⣻] Pulling schema from database...
[2K[1G[⣽] Pulling schema from database...
[2K[1G[⣷] Pulling schema from database...
[2K[1G[⣯] Pulling schema from database...
D:\platform\node_modules\drizzle-kit\bin.cjs:17861
              checkValue = checkValue.replace(/^CHECK\s*\(\(/, "").replace(/\)\)\s*$/, "");
                                      ^

TypeError: Cannot read properties of undefined (reading 'replace')
    at D:\platform\node_modules\drizzle-kit\bin.cjs:17861:39
    at process.processTicksAndRejections (node:internal/process/task_queues:104:5)

Node.js v24.14.0
